Change Component Comment : Designator=C2 Old Comment=CC0603KRX7R6BB104 New Comment=104
Change Component Comment : Designator=C3 Old Comment=CC0603KRX7R6BB104 New Comment=104
Change Component Comment : Designator=C4 Old Comment=CC0603KRX7R6BB104 New Comment=104
Change Component Comment : Designator=C5 Old Comment=CC0603KRX7R6BB104 New Comment=104
Change Component Comment : Designator=C6 Old Comment=CC0603KRX7R6BB104 New Comment=104
Change Component Designator: OldDesignator=LED1 NewDesignator=LED_R
Change Component Designator: OldDesignator=LED2 NewDesignator=LED_G
Added Component: Designator=J2(FP-B6B-XH-AM_LF_SN-MFG)
Add component (AddParameter): Name = "Connector Type"; Value = "Header"; VariantName = "[No Variations]"
Add component (AddParameter): Name = "Contact Finish - Mating"; Value = "TIN"; VariantName = "[No Variations]"
Add component (AddParameter): Name = "Contact Material"; Value = "Brass"; VariantName = "[No Variations]"
Add component (AddParameter): Name = "Contact Plating"; Value = "Copper"; VariantName = "[No Variations]"
Add component (AddParameter): Name = "Contact Shape"; Value = "Square"; VariantName = "[No Variations]"
Add component (AddParameter): Name = "Contact Type"; Value = "Male Pin"; VariantName = "[No Variations]"
Add component (AddParameter): Name = "Current Rating"; Value = "3A"; VariantName = "[No Variations]"
Add component (AddParameter): Name = "Fastening Type"; Value = "Detent"; VariantName = "[No Variations]"
Add component (AddParameter): Name = "Flammability Rating"; Value = "UL94 V-0"; VariantName = "[No Variations]"
Add component (AddParameter): Name = "Height"; Value = "7mm"; VariantName = "[No Variations]"
Add component (AddParameter): Name = "Insulation Color"; Value = "Natural"; VariantName = "[No Variations]"
Add component (AddParameter): Name = "Insulation Material"; Value = "Nylon"; VariantName = "[No Variations]"
Add component (AddParameter): Name = "Length"; Value = "17.4mm"; VariantName = "[No Variations]"
Add component (AddParameter): Name = "Mated Stacking Heights"; Value = "9.8mm"; VariantName = "[No Variations]"
Add component (AddParameter): Name = "Max Operating Temperature"; Value = "85°C"; VariantName = "[No Variations]"
Add component (AddParameter): Name = "Min Operating Temperature"; Value = "-25°C"; VariantName = "[No Variations]"
Add component (AddParameter): Name = "Mount"; Value = "Through Hole"; VariantName = "[No Variations]"
Add component (AddParameter): Name = "Number of Pins"; Value = "6"; VariantName = "[No Variations]"
Add component (AddParameter): Name = "Number of Poles"; Value = "6"; VariantName = "[No Variations]"
Add component (AddParameter): Name = "Number of Positions"; Value = "6"; VariantName = "[No Variations]"
Add component (AddParameter): Name = "Number of Rows"; Value = "1"; VariantName = "[No Variations]"
Add component (AddParameter): Name = "Packaging"; Value = "Bulk"; VariantName = "[No Variations]"
Add component (AddParameter): Name = "Pitch"; Value = "2.5mm"; VariantName = "[No Variations]"
Add component (AddParameter): Name = "Series"; Value = "XH"; VariantName = "[No Variations]"
Add component (AddParameter): Name = "Shape"; Value = "Straight"; VariantName = "[No Variations]"
Add component (AddParameter): Name = "Termination"; Value = "Press-Fit"; VariantName = "[No Variations]"
Add component (AddParameter): Name = "Voltage Rating"; Value = "250V"; VariantName = "[No Variations]"
Add component (AddParameter): Name = "Width"; Value = "5.75mm"; VariantName = "[No Variations]"
Added Pin To Net: NetName=GND Pin=C2-2
Added Pin To Net: NetName=GND Pin=C3-1
Added Pin To Net: NetName=GND Pin=C4-2
Added Pin To Net: NetName=+5 Pin=C5-1
Added Pin To Net: NetName=GND Pin=C5-2
Added Pin To Net: NetName=+5 Pin=C6-1
Added Pin To Net: NetName=GND Pin=C6-2
Added Pin To Net: NetName=+5 Pin=C7-1
Added Pin To Net: NetName=GND Pin=C7-2
Added Pin To Net: NetName=GND Pin=D1-2
Added Pin To Net: NetName=GND Pin=J2-4
Added Pin To Net: NetName=GND Pin=J2-5
Added Pin To Net: NetName=+5 Pin=J2-6
Added Pin To Net: NetName=GND Pin=LED_G-2
Added Pin To Net: NetName=GND Pin=R6-1
Added Pin To Net: NetName=GND Pin=R8-2
Added Pin To Net: NetName=+5 Pin=R9-2
Added Pin To Net: NetName=GND Pin=R10-1
Added Pin To Net: NetName=GND Pin=R13-1
Added Pin To Net: NetName=GND Pin=R15-1
Added Pin To Net: NetName=GND Pin=R16-1
Added Pin To Net: NetName=GND Pin=R19-1
Added Pin To Net: NetName=+5 Pin=R20-2
Added Pin To Net: NetName=+5 Pin=R21-1
Added Pin To Net: NetName=+5 Pin=R23-2
Added Pin To Net: NetName=GND Pin=R26-1
Added Pin To Net: NetName=+5 Pin=R26-3
Added Pin To Net: NetName=GND Pin=U1-4
Added Pin To Net: NetName=+5 Pin=U1-8
Added Pin To Net: NetName=+5 Pin=U3-4
Added Pin To Net: NetName=GND Pin=U3-8
Added Pin To Net: NetName=DOUT Pin=C4-1
Added Pin To Net: NetName=DOUT Pin=J2-1
Added Pin To Net: NetName=DOUT Pin=LED_R-2
Added Pin To Net: NetName=DOUT Pin=U3-1
Added Net: Name=DOUT
Added Pin To Net: NetName=NetC2_1 Pin=C2-1
Added Pin To Net: NetName=NetC2_1 Pin=R7-1
Added Pin To Net: NetName=NetC2_1 Pin=R8-1
Added Pin To Net: NetName=NetC2_1 Pin=U1-5
Added Net: Name=NetC2_1
Added Pin To Net: NetName=NetC3_2 Pin=C3-2
Added Pin To Net: NetName=NetC3_2 Pin=R18-2
Added Pin To Net: NetName=NetC3_2 Pin=U2-5
Added Net: Name=NetC3_2
Added Pin To Net: NetName=NetD1_1 Pin=D1-1
Added Pin To Net: NetName=NetD1_1 Pin=R7-2
Added Pin To Net: NetName=NetD1_1 Pin=R23-1
Added Net: Name=NetD1_1
Added Pin To Net: NetName=NetLabel45 Pin=R22-1
Added Net: Name=NetLabel45
Added Pin To Net: NetName=NetLED_G_1 Pin=LED_G-1
Added Pin To Net: NetName=NetLED_G_1 Pin=R20-1
Added Net: Name=NetLED_G_1
Added Pin To Net: NetName=NetLED_R_1 Pin=LED_R-1
Added Pin To Net: NetName=NetLED_R_1 Pin=R21-2
Added Net: Name=NetLED_R_1
Added Pin To Net: NetName=NetR5_1 Pin=R5-1
Added Pin To Net: NetName=NetR5_1 Pin=R6-2
Added Pin To Net: NetName=NetR5_1 Pin=U1-2
Added Net: Name=NetR5_1
Added Pin To Net: NetName=NetR9_1 Pin=R9-1
Added Pin To Net: NetName=NetR9_1 Pin=R10-2
Added Pin To Net: NetName=NetR9_1 Pin=U3-5
Added Net: Name=NetR9_1
Added Pin To Net: NetName=NetR11_1 Pin=R11-1
Added Pin To Net: NetName=NetR11_1 Pin=R14-1
Added Pin To Net: NetName=NetR11_1 Pin=R15-2
Added Net: Name=NetR11_1
Added Pin To Net: NetName=NetR11_2 Pin=R11-2
Added Pin To Net: NetName=NetR11_2 Pin=R13-2
Added Pin To Net: NetName=NetR11_2 Pin=U2-3
Added Net: Name=NetR11_2
Added Pin To Net: NetName=NetR12_1 Pin=R12-1
Added Pin To Net: NetName=NetR12_1 Pin=R16-2
Added Pin To Net: NetName=NetR12_1 Pin=R25-1
Added Net: Name=NetR12_1
Added Pin To Net: NetName=NetR12_2 Pin=R12-2
Added Pin To Net: NetName=NetR12_2 Pin=R17-1
Added Pin To Net: NetName=NetR12_2 Pin=U2-2
Added Net: Name=NetR12_2
Added Pin To Net: NetName=NetR14_2 Pin=R14-2
Added Pin To Net: NetName=NetR14_2 Pin=R25-3
Added Pin To Net: NetName=NetR14_2 Pin=U3-6
Added Pin To Net: NetName=NetR14_2 Pin=U3-7
Added Net: Name=NetR14_2
Added Pin To Net: NetName=NetR17_2 Pin=R17-2
Added Pin To Net: NetName=NetR17_2 Pin=R18-1
Added Pin To Net: NetName=NetR17_2 Pin=U2-1
Added Net: Name=NetR17_2
Added Pin To Net: NetName=NetR19_2 Pin=R19-2
Added Pin To Net: NetName=NetR19_2 Pin=R24-1
Added Pin To Net: NetName=NetR19_2 Pin=U2-6
Added Net: Name=NetR19_2
Added Pin To Net: NetName=NetR22_2 Pin=R22-2
Added Pin To Net: NetName=NetR22_2 Pin=U3-3
Added Net: Name=NetR22_2
Added Pin To Net: NetName=NetR26_2 Pin=R26-2
Added Pin To Net: NetName=NetR26_2 Pin=U3-2
Added Net: Name=NetR26_2
Added Pin To Net: NetName=p_AOUT Pin=J2-3
Added Pin To Net: NetName=p_AOUT Pin=R5-2
Added Pin To Net: NetName=p_AOUT Pin=U1-1
Added Net: Name=p_AOUT
Added Pin To Net: NetName=PH+ Pin=U1-3
Added Net: Name=PH+
Added Pin To Net: NetName=PH- Pin=U1-6
Added Pin To Net: NetName=PH- Pin=U1-7
Added Net: Name=PH-
Added Pin To Net: NetName=t_AOUT Pin=J2-2
Added Pin To Net: NetName=t_AOUT Pin=R24-2
Added Pin To Net: NetName=t_AOUT Pin=U2-7
Added Net: Name=t_AOUT
Added Member To Class: ClassName=pH_sensor Member=Component J2 B6B-XH-AM(LF)(SN)
