Removed Pin From Net: NetName=VCC Pin=C17-1
Removed Pin From Net: NetName=NetMCU_17 Pin=P1-2
Removed Pin From Net: NetName=NetMCU_17 Pin=R40-2
Removed Pin From Net: NetName=VCC Pin=U8-3
Added Component: Designator=P3(HDR1X2)
Add component (AddParameter): Name = "LatestRevisionDate"; Value = "17-Jul-2002"; VariantName = "[No Variations]"
Add component (AddParameter): Name = "LatestRevisionNote"; Value = "Re-released for DXP Platform."; VariantName = "[No Variations]"
Add component (AddParameter): Name = "Publisher"; Value = "Altium Limited"; VariantName = "[No Variations]"
Added Component: Designator=P4(HDR1X2)
Add component (AddParameter): Name = "LatestRevisionDate"; Value = "17-Jul-2002"; VariantName = "[No Variations]"
Add component (AddParameter): Name = "LatestRevisionNote"; Value = "Re-released for DXP Platform."; VariantName = "[No Variations]"
Add component (AddParameter): Name = "Publisher"; Value = "Altium Limited"; VariantName = "[No Variations]"
Added Pin To Net: NetName=GND Pin=C17-2
Added Pin To Net: NetName=GND Pin=C18-2
Added Pin To Net: NetName=GND Pin=C19-2
Added Pin To Net: NetName=GND Pin=C20-2
Added Pin To Net: NetName=3.3V Pin=C21-1
Added Pin To Net: NetName=GND Pin=C21-2
Added Pin To Net: NetName=3.3V Pin=C22-1
Added Pin To Net: NetName=GND Pin=C22-2
Added Pin To Net: NetName=3.3V Pin=C24-1
Added Pin To Net: NetName=GND Pin=C24-2
Added Pin To Net: NetName=3.3V Pin=C25-1
Added Pin To Net: NetName=GND Pin=C25-2
Added Pin To Net: NetName=-3.3V Pin=C26-1
Added Pin To Net: NetName=GND Pin=C26-2
Added Pin To Net: NetName=-3.3V Pin=C27-1
Added Pin To Net: NetName=GND Pin=C27-2
Added Pin To Net: NetName=GND Pin=P3-2
Added Pin To Net: NetName=IN1 Pin=P4-1
Added Pin To Net: NetName=NetJ2_1 Pin=P4-2
Added Pin To Net: NetName=GND Pin=U8-2
Added Pin To Net: NetName=GND Pin=U8-2
Added Pin To Net: NetName=GND Pin=U9-1
Added Pin To Net: NetName=3.3V Pin=U9-2
Added Pin To Net: NetName=-3.3V Pin=U10-1
Added Pin To Net: NetName=3.3V Pin=U10-2
Added Pin To Net: NetName=GND Pin=U10-4
Change Net Name : Old Net Name=+5 New Net Name=5V
Change Net Name : Old Net Name=NetJ2_1 New Net Name=NetP4_2
Added Pin To Net: NetName=NetC17_1 Pin=C17-1
Added Pin To Net: NetName=NetC17_1 Pin=P3-1
Added Pin To Net: NetName=NetC17_1 Pin=U8-3
Added Net: Name=NetC17_1
Added Pin To Net: NetName=NetP1_2 Pin=P1-2
Added Pin To Net: NetName=NetP1_2 Pin=R40-2
Added Net: Name=NetP1_2
Change Class Name : Old Net Name=U_MCU New Net Name=MCU
Change Class Name : Old Net Name=U_pH_sensor New Net Name=pH_sensor
Change Class Name : Old Net Name=U_Power_supply New Net Name=Power_supply
Change Class Name : Old Net Name=U_TBD_Sensor New Net Name=TBD_Sensor
Change Class Name : Old Net Name=U_TDS_sensor New Net Name=TDS_sensor
Change Class Name : Old Net Name=U_Temp_sensor New Net Name=Temp_sensor
Added Member To Class: ClassName=MCU Member=Component MCU ESP8266-12E/ESP-12E
Added Member To Class: ClassName=Power_supply Member=Component P3 Header 2
Added Member To Class: ClassName=TDS_sensor Member=Component P4 Header 2
