Removed Pin From Net: NetName=GND Pin=LED_G-2
Removed Pin From Net: NetName=D_OUT Pin=LED_R1-2
Removed Pin From Net: NetName=GND Pin=LED_R2-2
Removed Pin From Net: NetName=GND Pin=LED_R3-2
Removed Pin From Net: NetName=DOUT Pin=LED_R-2
Change Component Footprint: Designator=LED_G Old Footprint=AVAG-HSMX-C190_V New Footprint=LEDC2012X90N
Change Component Footprint: Designator=LED_R1 Old Footprint=AVAG-HSMX-C190_V New Footprint=LEDC2012X90N
Change Component Footprint: Designator=LED_R2 Old Footprint=AVAG-HSMX-C190_V New Footprint=LEDC2012X90N
Change Component Footprint: Designator=LED_R3 Old Footprint=AVAG-HSMX-C190_V New Footprint=LEDC2012X90N
Change Component Footprint: Designator=LED_R Old Footprint=AVAG-HSMX-C190_V New Footprint=LEDC2012X90N
Change Component Comment : Designator=LED_G Old Comment=HSMY-C190 New Comment=HSMW-C170-U0000
Change Component Comment : Designator=LED_R1 Old Comment=HSMY-C190 New Comment=HSMW-C170-U0000
Change Component Comment : Designator=LED_R2 Old Comment=HSMY-C190 New Comment=HSMW-C170-U0000
Change Component Comment : Designator=LED_R3 Old Comment=HSMY-C190 New Comment=HSMW-C170-U0000
Change Component Comment : Designator=LED_R Old Comment=HSMY-C190 New Comment=HSMW-C170-U0000
Added Pin To Net: NetName=GND Pin=LED_G-1
Added Pin To Net: NetName=D_OUT Pin=LED_R1-1
Added Pin To Net: NetName=GND Pin=LED_R2-1
Added Pin To Net: NetName=GND Pin=LED_R3-1
Added Pin To Net: NetName=DOUT Pin=LED_R-1
Added Pin To Net: NetName=NetLED_G_2 Pin=LED_G-2
Added Pin To Net: NetName=NetLED_G_2 Pin=R48-2
Added Net: Name=NetLED_G_2
Added Pin To Net: NetName=NetLED_R1_2 Pin=LED_R1-2
Added Pin To Net: NetName=NetLED_R1_2 Pin=R6-2
Added Net: Name=NetLED_R1_2
Added Pin To Net: NetName=NetLED_R2_2 Pin=LED_R2-2
Added Pin To Net: NetName=NetLED_R2_2 Pin=R15-2
Added Net: Name=NetLED_R2_2
Added Pin To Net: NetName=NetLED_R3_2 Pin=LED_R3-2
Added Pin To Net: NetName=NetLED_R3_2 Pin=R21-2
Added Net: Name=NetLED_R3_2
Added Pin To Net: NetName=NetLED_R_2 Pin=LED_R-2
Added Pin To Net: NetName=NetLED_R_2 Pin=R46-2
Added Net: Name=NetLED_R_2
